Using pre-set license
Built from '2020.3/staging' branch; Version is '2020.3.18f1 (a7d1c678663c) revision 10998214'; Using compiler version '192528614'; Build Type 'Release'
OS: 'Windows 10 Home; OS build 19044.1586; Version 2009; 64bit' Language: 'en' Physical Memory: 16303 MB
BatchMode: 1, IsHumanControllingUs: 0, StartBugReporterOnCrash: 0, Is64bit: 1, IsPro: 0

COMMAND LINE ARGUMENTS:
C:\Program Files\Unity\Hub\Editor\2020.3.18f1\Editor\Unity.exe
-adb2
-batchMode
-noUpm
-name
AssetImportWorker0
-projectPath
C:/Users/adamk/OneDrive/Documents/GitHub/FreeToPlay/FreeToPlay
-logFile
Logs/AssetImportWorker0.log
-srvPort
60685
Successfully changed project path to: C:/Users/adamk/OneDrive/Documents/GitHub/FreeToPlay/FreeToPlay
C:/Users/adamk/OneDrive/Documents/GitHub/FreeToPlay/FreeToPlay
Using Asset Import Pipeline V2.
Refreshing native plugins compatible for Editor in 56.97 ms, found 3 plugins.
Preloading 0 native plugins for Editor in 0.00 ms.
Initialize engine version: 2020.3.18f1 (a7d1c678663c)
[Subsystems] Discovering subsystems at path C:/Program Files/Unity/Hub/Editor/2020.3.18f1/Editor/Data/Resources/UnitySubsystems
[Subsystems] Discovering subsystems at path C:/Users/adamk/OneDrive/Documents/GitHub/FreeToPlay/FreeToPlay/Assets
GfxDevice: creating device client; threaded=0
Direct3D:
    Version:  Direct3D 11.0 [level 11.1]
    Renderer: NVIDIA GeForce RTX 2080 with Max-Q Design (ID=0x1ed0)
    Vendor:   
    VRAM:     8010 MB
    Driver:   26.21.14.3165
Initialize mono
Mono path[0] = 'C:/Program Files/Unity/Hub/Editor/2020.3.18f1/Editor/Data/Managed'
Mono path[1] = 'C:/Program Files/Unity/Hub/Editor/2020.3.18f1/Editor/Data/MonoBleedingEdge/lib/mono/unityjit'
Mono config path = 'C:/Program Files/Unity/Hub/Editor/2020.3.18f1/Editor/Data/MonoBleedingEdge/etc'
Using monoOptions --debugger-agent=transport=dt_socket,embedding=1,server=y,suspend=n,address=127.0.0.1:56624
Begin MonoManager ReloadAssembly
Registering precompiled unity dll's ...
Register platform support module: C:/Program Files/Unity/Hub/Editor/2020.3.18f1/Editor/Data/PlaybackEngines/WindowsStandaloneSupport/UnityEditor.WindowsStandalone.Extensions.dll
Registered in 0.002679 seconds.
Native extension for WindowsStandalone target not found
Refreshing native plugins compatible for Editor in 60.19 ms, found 3 plugins.
Preloading 0 native plugins for Editor in 0.00 ms.
Mono: successfully reloaded assembly
- Completed reload, in  2.051 seconds
Domain Reload Profiling:
	ReloadAssembly (2051ms)
		BeginReloadAssembly (62ms)
			ExecutionOrderSort (0ms)
			DisableScriptedObjects (0ms)
			BackupInstance (0ms)
			ReleaseScriptingObjects (0ms)
			CreateAndSetChildDomain (1ms)
		EndReloadAssembly (471ms)
			LoadAssemblies (58ms)
			RebuildTransferFunctionScriptingTraits (0ms)
			SetupTypeCache (159ms)
			ReleaseScriptCaches (0ms)
			RebuildScriptCaches (39ms)
			SetupLoadedEditorAssemblies (197ms)
				LogAssemblyErrors (0ms)
				InitializePlatformSupportModulesInManaged (5ms)
				SetLoadedEditorAssemblies (0ms)
				RefreshPlugins (60ms)
				BeforeProcessingInitializeOnLoad (13ms)
				ProcessInitializeOnLoadAttributes (89ms)
				ProcessInitializeOnLoadMethodAttributes (30ms)
				AfterProcessingInitializeOnLoad (0ms)
				EditorAssembliesLoaded (0ms)
			ExecutionOrderSort2 (0ms)
			AwakeInstancesAfterBackupRestoration (0ms)
Platform modules already initialized, skipping
Registering precompiled user dll's ...
Registered in 0.004413 seconds.
Begin MonoManager ReloadAssembly
Symbol file data-0000022C7641D020 doesn't match image C:\Users\adamk\OneDrive\Documents\GitHub\FreeToPlay\FreeToPlay\Library\ScriptAssemblies\Unity.2D.Animation.Editor.dll
Symbol file LoadedFromMemory is not a mono symbol file
Symbol file data-0000022AA72636C0 doesn't match image C:\Users\adamk\OneDrive\Documents\GitHub\FreeToPlay\FreeToPlay\Library\ScriptAssemblies\Unity.InternalAPIEngineBridge.001.dll
Symbol file LoadedFromMemory is not a mono symbol file
Symbol file data-0000022C71BAEEC0 doesn't match image C:\Users\adamk\OneDrive\Documents\GitHub\FreeToPlay\FreeToPlay\Library\ScriptAssemblies\Unity.VSCode.Editor.dll
Symbol file LoadedFromMemory is not a mono symbol file
Symbol file data-0000022C719FDC50 doesn't match image C:\Users\adamk\OneDrive\Documents\GitHub\FreeToPlay\FreeToPlay\Library\ScriptAssemblies\Unity.2D.PixelPerfect.dll
Symbol file LoadedFromMemory is not a mono symbol file
Symbol file data-0000022C76827A30 doesn't match image C:\Users\adamk\OneDrive\Documents\GitHub\FreeToPlay\FreeToPlay\Library\ScriptAssemblies\Unity.2D.Tilemap.Editor.dll
Symbol file LoadedFromMemory is not a mono symbol file
Symbol file data-0000022C76827A30 doesn't match image C:\Users\adamk\OneDrive\Documents\GitHub\FreeToPlay\FreeToPlay\Library\ScriptAssemblies\PsdPlugin.dll
Symbol file LoadedFromMemory is not a mono symbol file
Symbol file data-0000022C76827A30 doesn't match image C:\Users\adamk\OneDrive\Documents\GitHub\FreeToPlay\FreeToPlay\Library\ScriptAssemblies\Unity.TextMeshPro.Editor.dll
Symbol file LoadedFromMemory is not a mono symbol file
Symbol file data-0000022C71C1D750 doesn't match image C:\Users\adamk\OneDrive\Documents\GitHub\FreeToPlay\FreeToPlay\Library\ScriptAssemblies\Unity.VisualStudio.Editor.dll
Symbol file LoadedFromMemory is not a mono symbol file
Symbol file data-0000022C762D2230 doesn't match image C:\Users\adamk\OneDrive\Documents\GitHub\FreeToPlay\FreeToPlay\Library\ScriptAssemblies\UnityEngine.TestRunner.dll
Symbol file LoadedFromMemory is not a mono symbol file
Symbol file data-0000022C76827A30 doesn't match image C:\Users\adamk\OneDrive\Documents\GitHub\FreeToPlay\FreeToPlay\Library\ScriptAssemblies\Unity.Timeline.dll
Symbol file LoadedFromMemory is not a mono symbol file
Symbol file data-0000022C76765020 doesn't match image C:\Users\adamk\OneDrive\Documents\GitHub\FreeToPlay\FreeToPlay\Library\ScriptAssemblies\Unity.TextMeshPro.dll
Symbol file LoadedFromMemory is not a mono symbol file
Symbol file data-0000022C76793230 doesn't match image C:\Users\adamk\OneDrive\Documents\GitHub\FreeToPlay\FreeToPlay\Library\ScriptAssemblies\UnityEditor.TestRunner.dll
Symbol file LoadedFromMemory is not a mono symbol file
Symbol file data-0000022C71BAEEC0 doesn't match image C:\Users\adamk\OneDrive\Documents\GitHub\FreeToPlay\FreeToPlay\Library\ScriptAssemblies\Unity.2D.IK.Editor.dll
Symbol file LoadedFromMemory is not a mono symbol file
Symbol file data-0000022C76827A30 doesn't match image C:\Users\adamk\OneDrive\Documents\GitHub\FreeToPlay\FreeToPlay\Library\ScriptAssemblies\Unity.2D.Sprite.Editor.dll
Symbol file LoadedFromMemory is not a mono symbol file
Symbol file data-0000022C71C1D750 doesn't match image C:\Users\adamk\OneDrive\Documents\GitHub\FreeToPlay\FreeToPlay\Library\ScriptAssemblies\Unity.2D.Psdimporter.Editor.dll
Symbol file LoadedFromMemory is not a mono symbol file
Symbol file data-0000022C721E5030 doesn't match image C:\Users\adamk\OneDrive\Documents\GitHub\FreeToPlay\FreeToPlay\Library\ScriptAssemblies\Unity.2D.Path.Editor.dll
Symbol file LoadedFromMemory is not a mono symbol file
Symbol file data-0000022C719EDF50 doesn't match image C:\Users\adamk\OneDrive\Documents\GitHub\FreeToPlay\FreeToPlay\Library\ScriptAssemblies\Unity.InternalAPIEditorBridge.001.dll
Symbol file LoadedFromMemory is not a mono symbol file
Symbol file data-0000022C71C1D750 doesn't match image C:\Users\adamk\OneDrive\Documents\GitHub\FreeToPlay\FreeToPlay\Library\ScriptAssemblies\UnityEditor.UI.dll
Symbol file LoadedFromMemory is not a mono symbol file
Symbol file data-0000022C76CC7010 doesn't match image C:\Users\adamk\OneDrive\Documents\GitHub\FreeToPlay\FreeToPlay\Library\ScriptAssemblies\Unity.InputSystem.dll
Symbol file LoadedFromMemory is not a mono symbol file
Symbol file data-0000022C720A4F00 doesn't match image C:\Users\adamk\OneDrive\Documents\GitHub\FreeToPlay\FreeToPlay\Library\ScriptAssemblies\Unity.Rider.Editor.dll
Symbol file LoadedFromMemory is not a mono symbol file
Symbol file data-0000022C7657F010 doesn't match image C:\Users\adamk\OneDrive\Documents\GitHub\FreeToPlay\FreeToPlay\Library\ScriptAssemblies\Unity.PlasticSCM.Editor.dll
Symbol file LoadedFromMemory is not a mono symbol file
Symbol file data-0000022C76E76010 doesn't match image C:\Users\adamk\OneDrive\Documents\GitHub\FreeToPlay\FreeToPlay\Library\ScriptAssemblies\UnityEngine.UI.dll
Symbol file LoadedFromMemory is not a mono symbol file
Symbol file data-0000022C76353010 doesn't match image C:\Users\adamk\OneDrive\Documents\GitHub\FreeToPlay\FreeToPlay\Library\ScriptAssemblies\Unity.Mathematics.dll
Symbol file LoadedFromMemory is not a mono symbol file
Symbol file data-0000022C76286A20 doesn't match image C:\Users\adamk\OneDrive\Documents\GitHub\FreeToPlay\FreeToPlay\Library\ScriptAssemblies\Unity.2D.IK.Runtime.dll
Symbol file LoadedFromMemory is not a mono symbol file
Symbol file data-0000022C764D7010 doesn't match image C:\Users\adamk\OneDrive\Documents\GitHub\FreeToPlay\FreeToPlay\Library\ScriptAssemblies\Cinemachine.dll
Symbol file LoadedFromMemory is not a mono symbol file
Symbol file data-0000022C76742040 doesn't match image C:\Users\adamk\OneDrive\Documents\GitHub\FreeToPlay\FreeToPlay\Library\ScriptAssemblies\com.unity.cinemachine.editor.dll
Symbol file LoadedFromMemory is not a mono symbol file
Symbol file data-0000022C76627010 doesn't match image C:\Users\adamk\OneDrive\Documents\GitHub\FreeToPlay\FreeToPlay\Library\ScriptAssemblies\Unity.2D.Animation.Triangle.Runtime.dll
Symbol file LoadedFromMemory is not a mono symbol file
Symbol file data-0000022C71B41360 doesn't match image C:\Users\adamk\OneDrive\Documents\GitHub\FreeToPlay\FreeToPlay\Library\ScriptAssemblies\Unity.2D.Animation.Runtime.dll
Symbol file LoadedFromMemory is not a mono symbol file
Symbol file data-0000022C7209B470 doesn't match image C:\Users\adamk\OneDrive\Documents\GitHub\FreeToPlay\FreeToPlay\Library\ScriptAssemblies\Unity.2D.PixelPerfect.Editor.dll
Symbol file LoadedFromMemory is not a mono symbol file
Symbol file data-0000022C76627010 doesn't match image C:\Users\adamk\OneDrive\Documents\GitHub\FreeToPlay\FreeToPlay\Library\ScriptAssemblies\Unity.Timeline.Editor.dll
Symbol file LoadedFromMemory is not a mono symbol file
Symbol file data-0000022C76742040 doesn't match image C:\Users\adamk\OneDrive\Documents\GitHub\FreeToPlay\FreeToPlay\Library\ScriptAssemblies\Unity.CollabProxy.Editor.dll
Symbol file LoadedFromMemory is not a mono symbol file
Symbol file data-0000022C71A48020 doesn't match image C:\Users\adamk\OneDrive\Documents\GitHub\FreeToPlay\FreeToPlay\Library\ScriptAssemblies\Unity.Mathematics.Editor.dll
Symbol file LoadedFromMemory is not a mono symbol file
Symbol file data-0000022C495BD370 doesn't match image C:\Users\adamk\OneDrive\Documents\GitHub\FreeToPlay\FreeToPlay\Library\ScriptAssemblies\Unity.2D.Common.Runtime.dll
Symbol file LoadedFromMemory is not a mono symbol file
Symbol file data-0000022C721A8880 doesn't match image C:\Users\adamk\OneDrive\Documents\GitHub\FreeToPlay\FreeToPlay\Library\ScriptAssemblies\Unity.2D.SpriteShape.Editor.dll
Symbol file LoadedFromMemory is not a mono symbol file
Symbol file data-0000022C76EB5A30 doesn't match image C:\Users\adamk\OneDrive\Documents\GitHub\FreeToPlay\FreeToPlay\Library\ScriptAssemblies\Unity.2D.Common.Editor.dll
Symbol file LoadedFromMemory is not a mono symbol file
Symbol file data-0000022C76742040 doesn't match image C:\Users\adamk\OneDrive\Documents\GitHub\FreeToPlay\FreeToPlay\Library\ScriptAssemblies\Unity.2D.SpriteShape.Runtime.dll
Symbol file LoadedFromMemory is not a mono symbol file
Native extension for WindowsStandalone target not found
Refreshing native plugins compatible for Editor in 58.92 ms, found 3 plugins.
Preloading 0 native plugins for Editor in 0.00 ms.
Mono: successfully reloaded assembly
- Completed reload, in  1.343 seconds
Domain Reload Profiling:
	ReloadAssembly (1344ms)
		BeginReloadAssembly (163ms)
			ExecutionOrderSort (0ms)
			DisableScriptedObjects (5ms)
			BackupInstance (0ms)
			ReleaseScriptingObjects (0ms)
			CreateAndSetChildDomain (21ms)
		EndReloadAssembly (1113ms)
			LoadAssemblies (101ms)
			RebuildTransferFunctionScriptingTraits (0ms)
			SetupTypeCache (342ms)
			ReleaseScriptCaches (1ms)
			RebuildScriptCaches (61ms)
			SetupLoadedEditorAssemblies (471ms)
				LogAssemblyErrors (0ms)
				InitializePlatformSupportModulesInManaged (4ms)
				SetLoadedEditorAssemblies (0ms)
				RefreshPlugins (59ms)
				BeforeProcessingInitializeOnLoad (91ms)
				ProcessInitializeOnLoadAttributes (293ms)
				ProcessInitializeOnLoadMethodAttributes (16ms)
				AfterProcessingInitializeOnLoad (7ms)
				EditorAssembliesLoaded (0ms)
			ExecutionOrderSort2 (0ms)
			AwakeInstancesAfterBackupRestoration (7ms)
Platform modules already initialized, skipping
========================================================================
Worker process is ready to serve import requests
Launched and connected shader compiler UnityShaderCompiler.exe after 0.04 seconds
Refreshing native plugins compatible for Editor in 0.54 ms, found 3 plugins.
Preloading 0 native plugins for Editor in 0.00 ms.
Unloading 2565 Unused Serialized files (Serialized files now loaded: 0)
System memory in use before: 111.9 MB.
System memory in use after: 112.1 MB.

Unloading 29 unused Assets to reduce memory usage. Loaded Objects now: 3008.
Total: 4.140500 ms (FindLiveObjects: 0.284600 ms CreateObjectMapping: 0.130300 ms MarkObjects: 3.644800 ms  DeleteObjects: 0.079300 ms)

AssetImportParameters requested are different than current active one (requested -> active):
  custom:framework-win-MediaFoundation: 216162199b28c13a410421893ffa2e32 -> 
  custom:video-decoder-ogg-theora: a1e56fd34408186e4bbccfd4996cb3dc -> 
  custom:container-muxer-webm: aa71ff27fc2769a1b78a27578f13a17b -> 
  custom:container-demuxer-webm: 4f35f7cbe854078d1ac9338744f61a02 -> 
  custom:container-demuxer-ogg: 62fdf1f143b41e24485cea50d1cbac27 -> 
  custom:video-encoder-webm-vp8: eb34c28f22e8b96e1ab97ce403110664 -> 
  custom:video-codec-MediaFoundation-h265: 746d11721c4dcdbdad8f713fa42b33f4 -> 
  custom:video-decoder-webm-vp8: 9c59270c3fd7afecdb556c50c9e8de78 -> 
  custom:audio-decoder-ogg-vorbis: bf7c407c2cedff20999df2af8eb42d56 -> 
  custom:audio-encoder-webm-vorbis: bf7c407c2cedff20999df2af8eb42d56 -> 
========================================================================
Received Import Request.
  path: Assets/Assets/BaseTile.asset
  artifactKey: Guid(eecb85842301567418c70cf5b2df89a8) Importer(815301076,1909f56bfc062723c751e8b465ee728b)
Start importing Assets/Assets/BaseTile.asset using Guid(eecb85842301567418c70cf5b2df89a8) Importer(815301076,1909f56bfc062723c751e8b465ee728b)  -> (artifact id: 'b03ebbdba40e51a558111de55c7103d2') in 0.105795 seconds 
  Import took 0.110304 seconds .

========================================================================
Received Import Request.
  Time since last request: 0.000335 seconds.
  path: Assets/Assets/BasePallet.prefab
  artifactKey: Guid(9e1d4b1bba867e2468f5fc322b88fdb1) Importer(815301076,1909f56bfc062723c751e8b465ee728b)
Start importing Assets/Assets/BasePallet.prefab using Guid(9e1d4b1bba867e2468f5fc322b88fdb1) Importer(815301076,1909f56bfc062723c751e8b465ee728b)  -> (artifact id: 'eab73e4f8f6f7c6c823b8323a67cf392') in 0.049530 seconds 
  Import took 0.054126 seconds .

========================================================================
Received Import Request.
  Time since last request: 0.000280 seconds.
  path: Assets/Prefabs/RoomPrefabs/TB.prefab
  artifactKey: Guid(ef65c41b4411dc540965d3e59c9c0f9c) Importer(815301076,1909f56bfc062723c751e8b465ee728b)
Start importing Assets/Prefabs/RoomPrefabs/TB.prefab using Guid(ef65c41b4411dc540965d3e59c9c0f9c) Importer(815301076,1909f56bfc062723c751e8b465ee728b)  -> (artifact id: '37139a75102adebc12d9943be541eaad') in 0.032565 seconds 
  Import took 0.036686 seconds .

========================================================================
Received Import Request.
  Time since last request: 0.000278 seconds.
  path: Assets/Assets/InkedWall.asset
  artifactKey: Guid(809e13b9b15e26d49a7988ee5bd20c63) Importer(815301076,1909f56bfc062723c751e8b465ee728b)
Start importing Assets/Assets/InkedWall.asset using Guid(809e13b9b15e26d49a7988ee5bd20c63) Importer(815301076,1909f56bfc062723c751e8b465ee728b)  -> (artifact id: '3a3255e0d7384974199976c783a92021') in 0.031831 seconds 
  Import took 0.035961 seconds .

========================================================================
Received Import Request.
  Time since last request: 0.000256 seconds.
  path: Assets/Prefabs/RoomPrefabs/TR.prefab
  artifactKey: Guid(304f346317fcf6145913992b60d599ce) Importer(815301076,1909f56bfc062723c751e8b465ee728b)
Start importing Assets/Prefabs/RoomPrefabs/TR.prefab using Guid(304f346317fcf6145913992b60d599ce) Importer(815301076,1909f56bfc062723c751e8b465ee728b)  -> (artifact id: '1ed1ba14829f002fe4e214865753e467') in 0.027381 seconds 
  Import took 0.031872 seconds .

========================================================================
Received Import Request.
  Time since last request: 0.000267 seconds.
  path: Assets/Prefabs/RoomPrefabs/BL.prefab
  artifactKey: Guid(2c8bc4a0b01177e468a66f30a89d1445) Importer(815301076,1909f56bfc062723c751e8b465ee728b)
Start importing Assets/Prefabs/RoomPrefabs/BL.prefab using Guid(2c8bc4a0b01177e468a66f30a89d1445) Importer(815301076,1909f56bfc062723c751e8b465ee728b)  -> (artifact id: '62c1b59aff2ecd2d80801b753c29b915') in 0.023040 seconds 
  Import took 0.027809 seconds .

========================================================================
Received Import Request.
  Time since last request: 0.000204 seconds.
  path: Assets/Prefabs/RoomPrefabs/B.prefab
  artifactKey: Guid(5c1f7673933cdf540afdb307592bbf4c) Importer(815301076,1909f56bfc062723c751e8b465ee728b)
Start importing Assets/Prefabs/RoomPrefabs/B.prefab using Guid(5c1f7673933cdf540afdb307592bbf4c) Importer(815301076,1909f56bfc062723c751e8b465ee728b)  -> (artifact id: '65982fef27d7aeab626b0be3ed2822cd') in 0.023811 seconds 
  Import took 0.028156 seconds .

========================================================================
Received Import Request.
  Time since last request: 0.000333 seconds.
  path: Assets/Prefabs/RoomPrefabs/LR.prefab
  artifactKey: Guid(78197e7caaab6294595d43032aa22569) Importer(815301076,1909f56bfc062723c751e8b465ee728b)
Start importing Assets/Prefabs/RoomPrefabs/LR.prefab using Guid(78197e7caaab6294595d43032aa22569) Importer(815301076,1909f56bfc062723c751e8b465ee728b)  -> (artifact id: '61b07ffbd5e5c55e38b074008606f745') in 0.027699 seconds 
  Import took 0.032496 seconds .

========================================================================
Received Import Request.
  Time since last request: 0.000299 seconds.
  path: Assets/Prefabs/RoomPrefabs/T.prefab
  artifactKey: Guid(fc2b17bf3d8615a4686fafd9f8daacae) Importer(815301076,1909f56bfc062723c751e8b465ee728b)
Start importing Assets/Prefabs/RoomPrefabs/T.prefab using Guid(fc2b17bf3d8615a4686fafd9f8daacae) Importer(815301076,1909f56bfc062723c751e8b465ee728b)  -> (artifact id: '0c148e51405ebb385e25dc3eba4c40ad') in 0.024006 seconds 
  Import took 0.029545 seconds .

========================================================================
Received Import Request.
  Time since last request: 0.000324 seconds.
  path: Assets/Prefabs/RoomPrefabs/TL.prefab
  artifactKey: Guid(cd16e4da61e85dc409dd91df64ff1be2) Importer(815301076,1909f56bfc062723c751e8b465ee728b)
Start importing Assets/Prefabs/RoomPrefabs/TL.prefab using Guid(cd16e4da61e85dc409dd91df64ff1be2) Importer(815301076,1909f56bfc062723c751e8b465ee728b)  -> (artifact id: 'bed9cc79aae64751a59a5074c996a6d9') in 0.029537 seconds 
  Import took 0.033585 seconds .

========================================================================
Received Import Request.
  Time since last request: 0.000229 seconds.
  path: Assets/Prefabs/RoomPrefabs/BR.prefab
  artifactKey: Guid(c98770ffe8ab91f4d8b1ef6f708adea1) Importer(815301076,1909f56bfc062723c751e8b465ee728b)
Start importing Assets/Prefabs/RoomPrefabs/BR.prefab using Guid(c98770ffe8ab91f4d8b1ef6f708adea1) Importer(815301076,1909f56bfc062723c751e8b465ee728b)  -> (artifact id: '6ac18e2835072d41156243f6558dc7f4') in 0.028873 seconds 
  Import took 0.033584 seconds .

========================================================================
Received Import Request.
  Time since last request: 0.000249 seconds.
  path: Assets/Assets/Character2.png
  artifactKey: Guid(2bf65d992e0823b4e81611d6a816c8a8) Importer(815301076,1909f56bfc062723c751e8b465ee728b)
Start importing Assets/Assets/Character2.png using Guid(2bf65d992e0823b4e81611d6a816c8a8) Importer(815301076,1909f56bfc062723c751e8b465ee728b)  -> (artifact id: 'd2784368f70348b123769c9c943327f8') in 0.071655 seconds 
  Import took 0.075653 seconds .

========================================================================
Received Import Request.
  Time since last request: 0.000240 seconds.
  path: Assets/Assets/InkedWall.jpg
  artifactKey: Guid(51b7dcde93a8f9a4481ed15ccd415a1a) Importer(815301076,1909f56bfc062723c751e8b465ee728b)
Start importing Assets/Assets/InkedWall.jpg using Guid(51b7dcde93a8f9a4481ed15ccd415a1a) Importer(815301076,1909f56bfc062723c751e8b465ee728b)  -> (artifact id: '21095a6e43d425be8bbf480e5f3171f4') in 0.015058 seconds 
  Import took 0.018661 seconds .

========================================================================
Received Import Request.
  Time since last request: 0.000238 seconds.
  path: Assets/Scripts/PlayerMovement.inputactions
  artifactKey: Guid(b0ada5722ee8c7e4ba87bf7e9ab3d6dd) Importer(815301076,1909f56bfc062723c751e8b465ee728b)
Start importing Assets/Scripts/PlayerMovement.inputactions using Guid(b0ada5722ee8c7e4ba87bf7e9ab3d6dd) Importer(815301076,1909f56bfc062723c751e8b465ee728b)  -> (artifact id: '772e8ddaa1b7a60149a16cc0e7630d1f') in 0.015685 seconds 
  Import took 0.020283 seconds .

========================================================================
Received Import Request.
  Time since last request: 0.000217 seconds.
  path: Assets/Assets/Character3.png
  artifactKey: Guid(fd0836038b2dc6a4d9d15141178a6529) Importer(815301076,1909f56bfc062723c751e8b465ee728b)
Start importing Assets/Assets/Character3.png using Guid(fd0836038b2dc6a4d9d15141178a6529) Importer(815301076,1909f56bfc062723c751e8b465ee728b)  -> (artifact id: 'ec827c7f9b9718061c3b536488a97a98') in 0.018185 seconds 
  Import took 0.021836 seconds .

========================================================================
Received Import Request.
  Time since last request: 0.000229 seconds.
  path: Assets/Prefabs/RoomPrefabs/EntryRoom.prefab
  artifactKey: Guid(a0ac60c84700d844e8174f932dcae3b7) Importer(815301076,1909f56bfc062723c751e8b465ee728b)
Start importing Assets/Prefabs/RoomPrefabs/EntryRoom.prefab using Guid(a0ac60c84700d844e8174f932dcae3b7) Importer(815301076,1909f56bfc062723c751e8b465ee728b)  -> (artifact id: '1294434e746087fc6991680350d46893') in 0.025999 seconds 
  Import took 0.030001 seconds .

========================================================================
Received Import Request.
  Time since last request: 0.000281 seconds.
  path: Assets/Prefabs/RoomPrefabs/R.prefab
  artifactKey: Guid(f6750d7a22988b64e92205baa949d545) Importer(815301076,1909f56bfc062723c751e8b465ee728b)
Start importing Assets/Prefabs/RoomPrefabs/R.prefab using Guid(f6750d7a22988b64e92205baa949d545) Importer(815301076,1909f56bfc062723c751e8b465ee728b)  -> (artifact id: 'ca85b90a278eb29910969f99db58734c') in 0.025680 seconds 
  Import took 0.030122 seconds .

========================================================================
Received Import Request.
  Time since last request: 0.000192 seconds.
  path: Assets/Prefabs/RoomPrefabs/L.prefab
  artifactKey: Guid(754f5bd67a2c3f044be8fb8b2f91878f) Importer(815301076,1909f56bfc062723c751e8b465ee728b)
Start importing Assets/Prefabs/RoomPrefabs/L.prefab using Guid(754f5bd67a2c3f044be8fb8b2f91878f) Importer(815301076,1909f56bfc062723c751e8b465ee728b)  -> (artifact id: 'f9696d562dd96455fe272194a080f496') in 0.028422 seconds 
  Import took 0.032373 seconds .

========================================================================
Received Import Request.
  Time since last request: 98.996284 seconds.
  path: Assets/Prefabs/RoomPrefabs/B.prefab
  artifactKey: Guid(5c1f7673933cdf540afdb307592bbf4c) Importer(815301076,1909f56bfc062723c751e8b465ee728b)
Start importing Assets/Prefabs/RoomPrefabs/B.prefab using Guid(5c1f7673933cdf540afdb307592bbf4c) Importer(815301076,1909f56bfc062723c751e8b465ee728b)  -> (artifact id: '6a310c56da897ca129692fda9b02da46') in 0.020448 seconds 
  Import took 0.025018 seconds .

========================================================================
Received Prepare
Registering precompiled user dll's ...
Registered in 0.003980 seconds.
Begin MonoManager ReloadAssembly
Symbol file data-0000022C76711020 doesn't match image C:\Users\adamk\OneDrive\Documents\GitHub\FreeToPlay\FreeToPlay\Library\ScriptAssemblies\Unity.2D.Animation.Editor.dll
Symbol file LoadedFromMemory is not a mono symbol file
Symbol file data-0000022AA6597A00 doesn't match image C:\Users\adamk\OneDrive\Documents\GitHub\FreeToPlay\FreeToPlay\Library\ScriptAssemblies\Unity.InternalAPIEngineBridge.001.dll
Symbol file LoadedFromMemory is not a mono symbol file
Symbol file data-0000022C717DB030 doesn't match image C:\Users\adamk\OneDrive\Documents\GitHub\FreeToPlay\FreeToPlay\Library\ScriptAssemblies\Unity.VSCode.Editor.dll
Symbol file LoadedFromMemory is not a mono symbol file
Symbol file data-0000022C717DE240 doesn't match image C:\Users\adamk\OneDrive\Documents\GitHub\FreeToPlay\FreeToPlay\Library\ScriptAssemblies\Unity.2D.PixelPerfect.dll
Symbol file LoadedFromMemory is not a mono symbol file
Symbol file data-0000022C7A666010 doesn't match image C:\Users\adamk\OneDrive\Documents\GitHub\FreeToPlay\FreeToPlay\Library\ScriptAssemblies\Unity.2D.Tilemap.Editor.dll
Symbol file LoadedFromMemory is not a mono symbol file
Symbol file data-0000022C71AFAF10 doesn't match image C:\Users\adamk\OneDrive\Documents\GitHub\FreeToPlay\FreeToPlay\Library\ScriptAssemblies\PsdPlugin.dll
Symbol file LoadedFromMemory is not a mono symbol file
Symbol file data-0000022C7A666010 doesn't match image C:\Users\adamk\OneDrive\Documents\GitHub\FreeToPlay\FreeToPlay\Library\ScriptAssemblies\Unity.TextMeshPro.Editor.dll
Symbol file LoadedFromMemory is not a mono symbol file
Symbol file data-0000022C721E5030 doesn't match image C:\Users\adamk\OneDrive\Documents\GitHub\FreeToPlay\FreeToPlay\Library\ScriptAssemblies\Unity.VisualStudio.Editor.dll
Symbol file LoadedFromMemory is not a mono symbol file
Symbol file data-0000022C76735C30 doesn't match image C:\Users\adamk\OneDrive\Documents\GitHub\FreeToPlay\FreeToPlay\Library\ScriptAssemblies\UnityEngine.TestRunner.dll
Symbol file LoadedFromMemory is not a mono symbol file
Symbol file data-0000022C7A666010 doesn't match image C:\Users\adamk\OneDrive\Documents\GitHub\FreeToPlay\FreeToPlay\Library\ScriptAssemblies\Unity.Timeline.dll
Symbol file LoadedFromMemory is not a mono symbol file
Symbol file data-0000022C765D3010 doesn't match image C:\Users\adamk\OneDrive\Documents\GitHub\FreeToPlay\FreeToPlay\Library\ScriptAssemblies\Unity.TextMeshPro.dll
Symbol file LoadedFromMemory is not a mono symbol file
Symbol file data-0000022C76A40020 doesn't match image C:\Users\adamk\OneDrive\Documents\GitHub\FreeToPlay\FreeToPlay\Library\ScriptAssemblies\UnityEditor.TestRunner.dll
Symbol file LoadedFromMemory is not a mono symbol file
Symbol file data-0000022C778B5620 doesn't match image C:\Users\adamk\OneDrive\Documents\GitHub\FreeToPlay\FreeToPlay\Library\ScriptAssemblies\Unity.2D.IK.Editor.dll
Symbol file LoadedFromMemory is not a mono symbol file
Symbol file data-0000022C76601220 doesn't match image C:\Users\adamk\OneDrive\Documents\GitHub\FreeToPlay\FreeToPlay\Library\ScriptAssemblies\Unity.2D.Sprite.Editor.dll
Symbol file LoadedFromMemory is not a mono symbol file
Symbol file data-0000022C7AB1F050 doesn't match image C:\Users\adamk\OneDrive\Documents\GitHub\FreeToPlay\FreeToPlay\Library\ScriptAssemblies\Unity.2D.Psdimporter.Editor.dll
Symbol file LoadedFromMemory is not a mono symbol file
Symbol file data-0000022C7AB1F050 doesn't match image C:\Users\adamk\OneDrive\Documents\GitHub\FreeToPlay\FreeToPlay\Library\ScriptAssemblies\Unity.2D.Path.Editor.dll
Symbol file LoadedFromMemory is not a mono symbol file
Symbol file data-0000022C77BFD3E0 doesn't match image C:\Users\adamk\OneDrive\Documents\GitHub\FreeToPlay\FreeToPlay\Library\ScriptAssemblies\Unity.InternalAPIEditorBridge.001.dll
Symbol file LoadedFromMemory is not a mono symbol file
Symbol file data-0000022C7AB1F050 doesn't match image C:\Users\adamk\OneDrive\Documents\GitHub\FreeToPlay\FreeToPlay\Library\ScriptAssemblies\UnityEditor.UI.dll
Symbol file LoadedFromMemory is not a mono symbol file
Symbol file data-0000022C76F84020 doesn't match image C:\Users\adamk\OneDrive\Documents\GitHub\FreeToPlay\FreeToPlay\Library\ScriptAssemblies\Unity.InputSystem.dll
Symbol file LoadedFromMemory is not a mono symbol file
Symbol file data-0000022C71FB3010 doesn't match image C:\Users\adamk\OneDrive\Documents\GitHub\FreeToPlay\FreeToPlay\Library\ScriptAssemblies\Unity.Rider.Editor.dll
Symbol file LoadedFromMemory is not a mono symbol file
Symbol file data-0000022C7641D020 doesn't match image C:\Users\adamk\OneDrive\Documents\GitHub\FreeToPlay\FreeToPlay\Library\ScriptAssemblies\Unity.PlasticSCM.Editor.dll
Symbol file LoadedFromMemory is not a mono symbol file
Symbol file data-0000022C71EDB4F0 doesn't match image C:\Users\adamk\OneDrive\Documents\GitHub\FreeToPlay\FreeToPlay\Library\ScriptAssemblies\UnityEngine.UI.dll
Symbol file LoadedFromMemory is not a mono symbol file
Symbol file data-0000022C76353010 doesn't match image C:\Users\adamk\OneDrive\Documents\GitHub\FreeToPlay\FreeToPlay\Library\ScriptAssemblies\Unity.Mathematics.dll
Symbol file LoadedFromMemory is not a mono symbol file
Symbol file data-0000022C76286A20 doesn't match image C:\Users\adamk\OneDrive\Documents\GitHub\FreeToPlay\FreeToPlay\Library\ScriptAssemblies\Unity.2D.IK.Runtime.dll
Symbol file LoadedFromMemory is not a mono symbol file
Symbol file data-0000022C71EDB4F0 doesn't match image C:\Users\adamk\OneDrive\Documents\GitHub\FreeToPlay\FreeToPlay\Library\ScriptAssemblies\Cinemachine.dll
Symbol file LoadedFromMemory is not a mono symbol file
Symbol file data-0000022C76601220 doesn't match image C:\Users\adamk\OneDrive\Documents\GitHub\FreeToPlay\FreeToPlay\Library\ScriptAssemblies\com.unity.cinemachine.editor.dll
Symbol file LoadedFromMemory is not a mono symbol file
Symbol file data-0000022C71EDB4F0 doesn't match image C:\Users\adamk\OneDrive\Documents\GitHub\FreeToPlay\FreeToPlay\Library\ScriptAssemblies\Unity.2D.Animation.Triangle.Runtime.dll
Symbol file LoadedFromMemory is not a mono symbol file
Symbol file data-0000022C7A7FBA20 doesn't match image C:\Users\adamk\OneDrive\Documents\GitHub\FreeToPlay\FreeToPlay\Library\ScriptAssemblies\Unity.2D.Animation.Runtime.dll
Symbol file LoadedFromMemory is not a mono symbol file
Symbol file data-0000022C71A87C30 doesn't match image C:\Users\adamk\OneDrive\Documents\GitHub\FreeToPlay\FreeToPlay\Library\ScriptAssemblies\Unity.2D.PixelPerfect.Editor.dll
Symbol file LoadedFromMemory is not a mono symbol file
Symbol file data-0000022C71B03B50 doesn't match image C:\Users\adamk\OneDrive\Documents\GitHub\FreeToPlay\FreeToPlay\Library\ScriptAssemblies\Unity.Timeline.Editor.dll
Symbol file LoadedFromMemory is not a mono symbol file
Symbol file data-0000022C76735C30 doesn't match image C:\Users\adamk\OneDrive\Documents\GitHub\FreeToPlay\FreeToPlay\Library\ScriptAssemblies\Unity.CollabProxy.Editor.dll
Symbol file LoadedFromMemory is not a mono symbol file
Symbol file data-0000022C795DC020 doesn't match image C:\Users\adamk\OneDrive\Documents\GitHub\FreeToPlay\FreeToPlay\Library\ScriptAssemblies\Unity.Mathematics.Editor.dll
Symbol file LoadedFromMemory is not a mono symbol file
Symbol file data-0000022C495BD710 doesn't match image C:\Users\adamk\OneDrive\Documents\GitHub\FreeToPlay\FreeToPlay\Library\ScriptAssemblies\Unity.2D.Common.Runtime.dll
Symbol file LoadedFromMemory is not a mono symbol file
Symbol file data-0000022C71C1C150 doesn't match image C:\Users\adamk\OneDrive\Documents\GitHub\FreeToPlay\FreeToPlay\Library\ScriptAssemblies\Unity.2D.SpriteShape.Editor.dll
Symbol file LoadedFromMemory is not a mono symbol file
Symbol file data-0000022C76286A20 doesn't match image C:\Users\adamk\OneDrive\Documents\GitHub\FreeToPlay\FreeToPlay\Library\ScriptAssemblies\Unity.2D.Common.Editor.dll
Symbol file LoadedFromMemory is not a mono symbol file
Symbol file data-0000022C76735C30 doesn't match image C:\Users\adamk\OneDrive\Documents\GitHub\FreeToPlay\FreeToPlay\Library\ScriptAssemblies\Unity.2D.SpriteShape.Runtime.dll
Symbol file LoadedFromMemory is not a mono symbol file
Native extension for WindowsStandalone target not found
Refreshing native plugins compatible for Editor in 0.51 ms, found 3 plugins.
Preloading 0 native plugins for Editor in 0.00 ms.
Mono: successfully reloaded assembly
- Completed reload, in  1.202 seconds
Domain Reload Profiling:
	ReloadAssembly (1202ms)
		BeginReloadAssembly (138ms)
			ExecutionOrderSort (0ms)
			DisableScriptedObjects (7ms)
			BackupInstance (0ms)
			ReleaseScriptingObjects (0ms)
			CreateAndSetChildDomain (40ms)
		EndReloadAssembly (1000ms)
			LoadAssemblies (97ms)
			RebuildTransferFunctionScriptingTraits (0ms)
			SetupTypeCache (341ms)
			ReleaseScriptCaches (1ms)
			RebuildScriptCaches (50ms)
			SetupLoadedEditorAssemblies (381ms)
				LogAssemblyErrors (0ms)
				InitializePlatformSupportModulesInManaged (5ms)
				SetLoadedEditorAssemblies (1ms)
				RefreshPlugins (1ms)
				BeforeProcessingInitializeOnLoad (116ms)
				ProcessInitializeOnLoadAttributes (246ms)
				ProcessInitializeOnLoadMethodAttributes (6ms)
				AfterProcessingInitializeOnLoad (7ms)
				EditorAssembliesLoaded (0ms)
			ExecutionOrderSort2 (0ms)
			AwakeInstancesAfterBackupRestoration (11ms)
Platform modules already initialized, skipping
Refreshing native plugins compatible for Editor in 0.51 ms, found 3 plugins.
Preloading 0 native plugins for Editor in 0.00 ms.
Unloading 2538 Unused Serialized files (Serialized files now loaded: 0)
System memory in use before: 113.2 MB.
System memory in use after: 113.4 MB.

Unloading 15 unused Assets to reduce memory usage. Loaded Objects now: 3026.
Total: 3.718400 ms (FindLiveObjects: 0.273800 ms CreateObjectMapping: 0.127200 ms MarkObjects: 3.299600 ms  DeleteObjects: 0.016800 ms)

AssetImportParameters requested are different than current active one (requested -> active):
  custom:framework-win-MediaFoundation: 216162199b28c13a410421893ffa2e32 -> 
  custom:video-decoder-ogg-theora: a1e56fd34408186e4bbccfd4996cb3dc -> 
  custom:container-muxer-webm: aa71ff27fc2769a1b78a27578f13a17b -> 
  custom:container-demuxer-webm: 4f35f7cbe854078d1ac9338744f61a02 -> 
  custom:container-demuxer-ogg: 62fdf1f143b41e24485cea50d1cbac27 -> 
  custom:video-encoder-webm-vp8: eb34c28f22e8b96e1ab97ce403110664 -> 
  custom:video-codec-MediaFoundation-h265: 746d11721c4dcdbdad8f713fa42b33f4 -> 
  custom:video-decoder-webm-vp8: 9c59270c3fd7afecdb556c50c9e8de78 -> 
  custom:audio-decoder-ogg-vorbis: bf7c407c2cedff20999df2af8eb42d56 -> 
  custom:audio-encoder-webm-vorbis: bf7c407c2cedff20999df2af8eb42d56 -> 
========================================================================
Received Import Request.
  Time since last request: 20.329063 seconds.
  path: Assets/Prefabs/RoomPrefabs/BL.prefab
  artifactKey: Guid(2c8bc4a0b01177e468a66f30a89d1445) Importer(815301076,1909f56bfc062723c751e8b465ee728b)
Start importing Assets/Prefabs/RoomPrefabs/BL.prefab using Guid(2c8bc4a0b01177e468a66f30a89d1445) Importer(815301076,1909f56bfc062723c751e8b465ee728b)  -> (artifact id: 'c318e6e1f4048c996e6970440d922234') in 0.067796 seconds 
  Import took 0.072129 seconds .

========================================================================
Received Import Request.
  Time since last request: 39.254515 seconds.
  path: Assets/Prefabs/RoomPrefabs/BR.prefab
  artifactKey: Guid(c98770ffe8ab91f4d8b1ef6f708adea1) Importer(815301076,1909f56bfc062723c751e8b465ee728b)
Start importing Assets/Prefabs/RoomPrefabs/BR.prefab using Guid(c98770ffe8ab91f4d8b1ef6f708adea1) Importer(815301076,1909f56bfc062723c751e8b465ee728b)  -> (artifact id: 'e9abd7996112a0b7e4240f645d9f975c') in 0.023127 seconds 
  Import took 0.027472 seconds .

========================================================================
Received Import Request.
  Time since last request: 15.682517 seconds.
  path: Assets/Prefabs/RoomPrefabs/EntryRoom.prefab
  artifactKey: Guid(a0ac60c84700d844e8174f932dcae3b7) Importer(815301076,1909f56bfc062723c751e8b465ee728b)
Start importing Assets/Prefabs/RoomPrefabs/EntryRoom.prefab using Guid(a0ac60c84700d844e8174f932dcae3b7) Importer(815301076,1909f56bfc062723c751e8b465ee728b)  -> (artifact id: '501302d79e712c292a11adabc5c829fc') in 0.022039 seconds 
  Import took 0.026894 seconds .

========================================================================
Received Import Request.
  Time since last request: 33.756556 seconds.
  path: Assets/Prefabs/RoomPrefabs/L.prefab
  artifactKey: Guid(754f5bd67a2c3f044be8fb8b2f91878f) Importer(815301076,1909f56bfc062723c751e8b465ee728b)
Start importing Assets/Prefabs/RoomPrefabs/L.prefab using Guid(754f5bd67a2c3f044be8fb8b2f91878f) Importer(815301076,1909f56bfc062723c751e8b465ee728b)  -> (artifact id: '182485b880a1232c11341bda310dfc84') in 0.019859 seconds 
  Import took 0.024078 seconds .

========================================================================
Received Import Request.
  Time since last request: 23.140448 seconds.
  path: Assets/Prefabs/RoomPrefabs/LR.prefab
  artifactKey: Guid(78197e7caaab6294595d43032aa22569) Importer(815301076,1909f56bfc062723c751e8b465ee728b)
Start importing Assets/Prefabs/RoomPrefabs/LR.prefab using Guid(78197e7caaab6294595d43032aa22569) Importer(815301076,1909f56bfc062723c751e8b465ee728b)  -> (artifact id: '4d9f50febf21047d94206cb38de9dc89') in 0.021531 seconds 
  Import took 0.026059 seconds .

========================================================================
Received Import Request.
  Time since last request: 18.581036 seconds.
  path: Assets/Prefabs/RoomPrefabs/R.prefab
  artifactKey: Guid(f6750d7a22988b64e92205baa949d545) Importer(815301076,1909f56bfc062723c751e8b465ee728b)
Start importing Assets/Prefabs/RoomPrefabs/R.prefab using Guid(f6750d7a22988b64e92205baa949d545) Importer(815301076,1909f56bfc062723c751e8b465ee728b)  -> (artifact id: '90eb498ccdb62d264aeaa4ade27284aa') in 0.019976 seconds 
  Import took 0.024192 seconds .

========================================================================
Received Import Request.
  Time since last request: 18.197780 seconds.
  path: Assets/Prefabs/RoomPrefabs/T.prefab
  artifactKey: Guid(fc2b17bf3d8615a4686fafd9f8daacae) Importer(815301076,1909f56bfc062723c751e8b465ee728b)
Start importing Assets/Prefabs/RoomPrefabs/T.prefab using Guid(fc2b17bf3d8615a4686fafd9f8daacae) Importer(815301076,1909f56bfc062723c751e8b465ee728b)  -> (artifact id: 'f0937df48b159e477057143169ec7826') in 0.024928 seconds 
  Import took 0.029142 seconds .

========================================================================
Received Prepare
Registering precompiled user dll's ...
Registered in 0.003548 seconds.
Begin MonoManager ReloadAssembly
Symbol file data-0000022C7AE22B80 doesn't match image C:\Users\adamk\OneDrive\Documents\GitHub\FreeToPlay\FreeToPlay\Library\ScriptAssemblies\Unity.2D.Animation.Editor.dll
Symbol file LoadedFromMemory is not a mono symbol file
Symbol file data-0000022C77DEFC70 doesn't match image C:\Users\adamk\OneDrive\Documents\GitHub\FreeToPlay\FreeToPlay\Library\ScriptAssemblies\Unity.InternalAPIEngineBridge.001.dll
Symbol file LoadedFromMemory is not a mono symbol file
Symbol file data-0000022C7AF3AC50 doesn't match image C:\Users\adamk\OneDrive\Documents\GitHub\FreeToPlay\FreeToPlay\Library\ScriptAssemblies\Unity.VSCode.Editor.dll
Symbol file LoadedFromMemory is not a mono symbol file
Symbol file data-0000022C7A2E6330 doesn't match image C:\Users\adamk\OneDrive\Documents\GitHub\FreeToPlay\FreeToPlay\Library\ScriptAssemblies\Unity.2D.PixelPerfect.dll
Symbol file LoadedFromMemory is not a mono symbol file
Symbol file data-0000022C77D79010 doesn't match image C:\Users\adamk\OneDrive\Documents\GitHub\FreeToPlay\FreeToPlay\Library\ScriptAssemblies\Unity.2D.Tilemap.Editor.dll
Symbol file LoadedFromMemory is not a mono symbol file
Symbol file data-0000022C7AA73010 doesn't match image C:\Users\adamk\OneDrive\Documents\GitHub\FreeToPlay\FreeToPlay\Library\ScriptAssemblies\PsdPlugin.dll
Symbol file LoadedFromMemory is not a mono symbol file
Symbol file data-0000022C7AE62BC0 doesn't match image C:\Users\adamk\OneDrive\Documents\GitHub\FreeToPlay\FreeToPlay\Library\ScriptAssemblies\Unity.TextMeshPro.Editor.dll
Symbol file LoadedFromMemory is not a mono symbol file
Symbol file data-0000022C7AFB21A0 doesn't match image C:\Users\adamk\OneDrive\Documents\GitHub\FreeToPlay\FreeToPlay\Library\ScriptAssemblies\Unity.VisualStudio.Editor.dll
Symbol file LoadedFromMemory is not a mono symbol file
Symbol file data-0000022C77D79010 doesn't match image C:\Users\adamk\OneDrive\Documents\GitHub\FreeToPlay\FreeToPlay\Library\ScriptAssemblies\UnityEngine.TestRunner.dll
Symbol file LoadedFromMemory is not a mono symbol file
Symbol file data-0000022C77D79010 doesn't match image C:\Users\adamk\OneDrive\Documents\GitHub\FreeToPlay\FreeToPlay\Library\ScriptAssemblies\Unity.Timeline.dll
Symbol file LoadedFromMemory is not a mono symbol file
Symbol file data-0000022C9B7241C0 doesn't match image C:\Users\adamk\OneDrive\Documents\GitHub\FreeToPlay\FreeToPlay\Library\ScriptAssemblies\Unity.TextMeshPro.dll
Symbol file LoadedFromMemory is not a mono symbol file
Symbol file data-0000022C7AFD5840 doesn't match image C:\Users\adamk\OneDrive\Documents\GitHub\FreeToPlay\FreeToPlay\Library\ScriptAssemblies\UnityEditor.TestRunner.dll
Symbol file LoadedFromMemory is not a mono symbol file
Symbol file data-0000022C76C0BB70 doesn't match image C:\Users\adamk\OneDrive\Documents\GitHub\FreeToPlay\FreeToPlay\Library\ScriptAssemblies\Unity.2D.IK.Editor.dll
Symbol file LoadedFromMemory is not a mono symbol file
Symbol file data-0000022C71B96850 doesn't match image C:\Users\adamk\OneDrive\Documents\GitHub\FreeToPlay\FreeToPlay\Library\ScriptAssemblies\Unity.2D.Sprite.Editor.dll
Symbol file LoadedFromMemory is not a mono symbol file
Symbol file data-0000022C7AFB21A0 doesn't match image C:\Users\adamk\OneDrive\Documents\GitHub\FreeToPlay\FreeToPlay\Library\ScriptAssemblies\Unity.2D.Psdimporter.Editor.dll
Symbol file LoadedFromMemory is not a mono symbol file
Symbol file data-0000022C7AF9CC40 doesn't match image C:\Users\adamk\OneDrive\Documents\GitHub\FreeToPlay\FreeToPlay\Library\ScriptAssemblies\Unity.2D.Path.Editor.dll
Symbol file LoadedFromMemory is not a mono symbol file
Symbol file data-0000022C9BA40F80 doesn't match image C:\Users\adamk\OneDrive\Documents\GitHub\FreeToPlay\FreeToPlay\Library\ScriptAssemblies\Unity.InternalAPIEditorBridge.001.dll
Symbol file LoadedFromMemory is not a mono symbol file
Symbol file data-0000022C7AFB21A0 doesn't match image C:\Users\adamk\OneDrive\Documents\GitHub\FreeToPlay\FreeToPlay\Library\ScriptAssemblies\UnityEditor.UI.dll
Symbol file LoadedFromMemory is not a mono symbol file
Symbol file data-0000022C7ACB7020 doesn't match image C:\Users\adamk\OneDrive\Documents\GitHub\FreeToPlay\FreeToPlay\Library\ScriptAssemblies\Unity.InputSystem.dll
Symbol file LoadedFromMemory is not a mono symbol file
Symbol file data-0000022C9B74B1D0 doesn't match image C:\Users\adamk\OneDrive\Documents\GitHub\FreeToPlay\FreeToPlay\Library\ScriptAssemblies\Unity.Rider.Editor.dll
Symbol file LoadedFromMemory is not a mono symbol file
Symbol file data-0000022C76711020 doesn't match image C:\Users\adamk\OneDrive\Documents\GitHub\FreeToPlay\FreeToPlay\Library\ScriptAssemblies\Unity.PlasticSCM.Editor.dll
Symbol file LoadedFromMemory is not a mono symbol file
Symbol file data-0000022C71EDB4F0 doesn't match image C:\Users\adamk\OneDrive\Documents\GitHub\FreeToPlay\FreeToPlay\Library\ScriptAssemblies\UnityEngine.UI.dll
Symbol file LoadedFromMemory is not a mono symbol file
Symbol file data-0000022C7AF45F60 doesn't match image C:\Users\adamk\OneDrive\Documents\GitHub\FreeToPlay\FreeToPlay\Library\ScriptAssemblies\Unity.Mathematics.dll
Symbol file LoadedFromMemory is not a mono symbol file
Symbol file data-0000022C7AF3AC50 doesn't match image C:\Users\adamk\OneDrive\Documents\GitHub\FreeToPlay\FreeToPlay\Library\ScriptAssemblies\Unity.2D.IK.Runtime.dll
Symbol file LoadedFromMemory is not a mono symbol file
Symbol file data-0000022C77530080 doesn't match image C:\Users\adamk\OneDrive\Documents\GitHub\FreeToPlay\FreeToPlay\Library\ScriptAssemblies\Cinemachine.dll
Symbol file LoadedFromMemory is not a mono symbol file
Symbol file data-0000022C7AE08A00 doesn't match image C:\Users\adamk\OneDrive\Documents\GitHub\FreeToPlay\FreeToPlay\Library\ScriptAssemblies\com.unity.cinemachine.editor.dll
Symbol file LoadedFromMemory is not a mono symbol file
Symbol file data-0000022C77530080 doesn't match image C:\Users\adamk\OneDrive\Documents\GitHub\FreeToPlay\FreeToPlay\Library\ScriptAssemblies\Unity.2D.Animation.Triangle.Runtime.dll
Symbol file LoadedFromMemory is not a mono symbol file
Symbol file data-0000022C71C1EF50 doesn't match image C:\Users\adamk\OneDrive\Documents\GitHub\FreeToPlay\FreeToPlay\Library\ScriptAssemblies\Unity.2D.Animation.Runtime.dll
Symbol file LoadedFromMemory is not a mono symbol file
Symbol file data-0000022C775D64E0 doesn't match image C:\Users\adamk\OneDrive\Documents\GitHub\FreeToPlay\FreeToPlay\Library\ScriptAssemblies\Unity.2D.PixelPerfect.Editor.dll
Symbol file LoadedFromMemory is not a mono symbol file
Symbol file data-0000022C76627010 doesn't match image C:\Users\adamk\OneDrive\Documents\GitHub\FreeToPlay\FreeToPlay\Library\ScriptAssemblies\Unity.Timeline.Editor.dll
Symbol file LoadedFromMemory is not a mono symbol file
Symbol file data-0000022C77D79010 doesn't match image C:\Users\adamk\OneDrive\Documents\GitHub\FreeToPlay\FreeToPlay\Library\ScriptAssemblies\Unity.CollabProxy.Editor.dll
Symbol file LoadedFromMemory is not a mono symbol file
Symbol file data-0000022C7186B550 doesn't match image C:\Users\adamk\OneDrive\Documents\GitHub\FreeToPlay\FreeToPlay\Library\ScriptAssemblies\Unity.Mathematics.Editor.dll
Symbol file LoadedFromMemory is not a mono symbol file
Symbol file data-0000022C495BCE00 doesn't match image C:\Users\adamk\OneDrive\Documents\GitHub\FreeToPlay\FreeToPlay\Library\ScriptAssemblies\Unity.2D.Common.Runtime.dll
Symbol file LoadedFromMemory is not a mono symbol file
Symbol file data-0000022C7AFB21A0 doesn't match image C:\Users\adamk\OneDrive\Documents\GitHub\FreeToPlay\FreeToPlay\Library\ScriptAssemblies\Unity.2D.SpriteShape.Editor.dll
Symbol file LoadedFromMemory is not a mono symbol file
Symbol file data-0000022C76286A20 doesn't match image C:\Users\adamk\OneDrive\Documents\GitHub\FreeToPlay\FreeToPlay\Library\ScriptAssemblies\Unity.2D.Common.Editor.dll
Symbol file LoadedFromMemory is not a mono symbol file
Symbol file data-0000022C77D79010 doesn't match image C:\Users\adamk\OneDrive\Documents\GitHub\FreeToPlay\FreeToPlay\Library\ScriptAssemblies\Unity.2D.SpriteShape.Runtime.dll
Symbol file LoadedFromMemory is not a mono symbol file
Native extension for WindowsStandalone target not found
Refreshing native plugins compatible for Editor in 0.87 ms, found 3 plugins.
Preloading 0 native plugins for Editor in 0.00 ms.
Mono: successfully reloaded assembly
- Completed reload, in  1.203 seconds
Domain Reload Profiling:
	ReloadAssembly (1204ms)
		BeginReloadAssembly (129ms)
			ExecutionOrderSort (0ms)
			DisableScriptedObjects (8ms)
			BackupInstance (0ms)
			ReleaseScriptingObjects (0ms)
			CreateAndSetChildDomain (38ms)
		EndReloadAssembly (994ms)
			LoadAssemblies (96ms)
			RebuildTransferFunctionScriptingTraits (0ms)
			SetupTypeCache (326ms)
			ReleaseScriptCaches (1ms)
			RebuildScriptCaches (54ms)
			SetupLoadedEditorAssemblies (390ms)
				LogAssemblyErrors (0ms)
				InitializePlatformSupportModulesInManaged (6ms)
				SetLoadedEditorAssemblies (1ms)
				RefreshPlugins (1ms)
				BeforeProcessingInitializeOnLoad (112ms)
				ProcessInitializeOnLoadAttributes (251ms)
				ProcessInitializeOnLoadMethodAttributes (9ms)
				AfterProcessingInitializeOnLoad (10ms)
				EditorAssembliesLoaded (0ms)
			ExecutionOrderSort2 (0ms)
			AwakeInstancesAfterBackupRestoration (11ms)
Platform modules already initialized, skipping
Refreshing native plugins compatible for Editor in 0.54 ms, found 3 plugins.
Preloading 0 native plugins for Editor in 0.00 ms.
Unloading 2538 Unused Serialized files (Serialized files now loaded: 0)
System memory in use before: 113.3 MB.
System memory in use after: 113.5 MB.

Unloading 15 unused Assets to reduce memory usage. Loaded Objects now: 3030.
Total: 4.083800 ms (FindLiveObjects: 0.219700 ms CreateObjectMapping: 0.109800 ms MarkObjects: 3.729700 ms  DeleteObjects: 0.023300 ms)

AssetImportParameters requested are different than current active one (requested -> active):
  custom:framework-win-MediaFoundation: 216162199b28c13a410421893ffa2e32 -> 
  custom:video-decoder-ogg-theora: a1e56fd34408186e4bbccfd4996cb3dc -> 
  custom:container-muxer-webm: aa71ff27fc2769a1b78a27578f13a17b -> 
  custom:container-demuxer-webm: 4f35f7cbe854078d1ac9338744f61a02 -> 
  custom:container-demuxer-ogg: 62fdf1f143b41e24485cea50d1cbac27 -> 
  custom:video-encoder-webm-vp8: eb34c28f22e8b96e1ab97ce403110664 -> 
  custom:video-codec-MediaFoundation-h265: 746d11721c4dcdbdad8f713fa42b33f4 -> 
  custom:video-decoder-webm-vp8: 9c59270c3fd7afecdb556c50c9e8de78 -> 
  custom:audio-decoder-ogg-vorbis: bf7c407c2cedff20999df2af8eb42d56 -> 
  custom:audio-encoder-webm-vorbis: bf7c407c2cedff20999df2af8eb42d56 -> 
========================================================================
Received Prepare
Registering precompiled user dll's ...
Registered in 0.004543 seconds.
Begin MonoManager ReloadAssembly
Symbol file data-0000022C76711020 doesn't match image C:\Users\adamk\OneDrive\Documents\GitHub\FreeToPlay\FreeToPlay\Library\ScriptAssemblies\Unity.2D.Animation.Editor.dll
Symbol file LoadedFromMemory is not a mono symbol file
Symbol file data-0000022C7AB8EC70 doesn't match image C:\Users\adamk\OneDrive\Documents\GitHub\FreeToPlay\FreeToPlay\Library\ScriptAssemblies\Unity.InternalAPIEngineBridge.001.dll
Symbol file LoadedFromMemory is not a mono symbol file
Symbol file data-0000022C7A2E31D0 doesn't match image C:\Users\adamk\OneDrive\Documents\GitHub\FreeToPlay\FreeToPlay\Library\ScriptAssemblies\Unity.VSCode.Editor.dll
Symbol file LoadedFromMemory is not a mono symbol file
Symbol file data-0000022C7A178310 doesn't match image C:\Users\adamk\OneDrive\Documents\GitHub\FreeToPlay\FreeToPlay\Library\ScriptAssemblies\Unity.2D.PixelPerfect.dll
Symbol file LoadedFromMemory is not a mono symbol file
Symbol file data-0000022C9B931020 doesn't match image C:\Users\adamk\OneDrive\Documents\GitHub\FreeToPlay\FreeToPlay\Library\ScriptAssemblies\Unity.2D.Tilemap.Editor.dll
Symbol file LoadedFromMemory is not a mono symbol file
Symbol file data-0000022C7AA73010 doesn't match image C:\Users\adamk\OneDrive\Documents\GitHub\FreeToPlay\FreeToPlay\Library\ScriptAssemblies\PsdPlugin.dll
Symbol file LoadedFromMemory is not a mono symbol file
Symbol file data-0000022C79408020 doesn't match image C:\Users\adamk\OneDrive\Documents\GitHub\FreeToPlay\FreeToPlay\Library\ScriptAssemblies\Unity.TextMeshPro.Editor.dll
Symbol file LoadedFromMemory is not a mono symbol file
Symbol file data-0000022C7AFB21A0 doesn't match image C:\Users\adamk\OneDrive\Documents\GitHub\FreeToPlay\FreeToPlay\Library\ScriptAssemblies\Unity.VisualStudio.Editor.dll
Symbol file LoadedFromMemory is not a mono symbol file
Symbol file data-0000022C7650D020 doesn't match image C:\Users\adamk\OneDrive\Documents\GitHub\FreeToPlay\FreeToPlay\Library\ScriptAssemblies\UnityEngine.TestRunner.dll
Symbol file LoadedFromMemory is not a mono symbol file
Symbol file data-0000022C9B931020 doesn't match image C:\Users\adamk\OneDrive\Documents\GitHub\FreeToPlay\FreeToPlay\Library\ScriptAssemblies\Unity.Timeline.dll
Symbol file LoadedFromMemory is not a mono symbol file
Symbol file data-0000022C7AFF4E30 doesn't match image C:\Users\adamk\OneDrive\Documents\GitHub\FreeToPlay\FreeToPlay\Library\ScriptAssemblies\Unity.TextMeshPro.dll
Symbol file LoadedFromMemory is not a mono symbol file
Symbol file data-0000022C7AFD5840 doesn't match image C:\Users\adamk\OneDrive\Documents\GitHub\FreeToPlay\FreeToPlay\Library\ScriptAssemblies\UnityEditor.TestRunner.dll
Symbol file LoadedFromMemory is not a mono symbol file
Symbol file data-0000022C9B748DD0 doesn't match image C:\Users\adamk\OneDrive\Documents\GitHub\FreeToPlay\FreeToPlay\Library\ScriptAssemblies\Unity.2D.IK.Editor.dll
Symbol file LoadedFromMemory is not a mono symbol file
Symbol file data-0000022C71B96850 doesn't match image C:\Users\adamk\OneDrive\Documents\GitHub\FreeToPlay\FreeToPlay\Library\ScriptAssemblies\Unity.2D.Sprite.Editor.dll
Symbol file LoadedFromMemory is not a mono symbol file
Symbol file data-0000022C7AFB21A0 doesn't match image C:\Users\adamk\OneDrive\Documents\GitHub\FreeToPlay\FreeToPlay\Library\ScriptAssemblies\Unity.2D.Psdimporter.Editor.dll
Symbol file LoadedFromMemory is not a mono symbol file
Symbol file data-0000022C76D9E020 doesn't match image C:\Users\adamk\OneDrive\Documents\GitHub\FreeToPlay\FreeToPlay\Library\ScriptAssemblies\Unity.2D.Path.Editor.dll
Symbol file LoadedFromMemory is not a mono symbol file
Symbol file data-0000022C79B123A0 doesn't match image C:\Users\adamk\OneDrive\Documents\GitHub\FreeToPlay\FreeToPlay\Library\ScriptAssemblies\Unity.InternalAPIEditorBridge.001.dll
Symbol file LoadedFromMemory is not a mono symbol file
Symbol file data-0000022C7AFB21A0 doesn't match image C:\Users\adamk\OneDrive\Documents\GitHub\FreeToPlay\FreeToPlay\Library\ScriptAssemblies\UnityEditor.UI.dll
Symbol file LoadedFromMemory is not a mono symbol file
Symbol file data-0000022C7ACB7020 doesn't match image C:\Users\adamk\OneDrive\Documents\GitHub\FreeToPlay\FreeToPlay\Library\ScriptAssemblies\Unity.InputSystem.dll
Symbol file LoadedFromMemory is not a mono symbol file
Symbol file data-0000022C784F6040 doesn't match image C:\Users\adamk\OneDrive\Documents\GitHub\FreeToPlay\FreeToPlay\Library\ScriptAssemblies\Unity.Rider.Editor.dll
Symbol file LoadedFromMemory is not a mono symbol file
Symbol file data-0000022C76639020 doesn't match image C:\Users\adamk\OneDrive\Documents\GitHub\FreeToPlay\FreeToPlay\Library\ScriptAssemblies\Unity.PlasticSCM.Editor.dll
Symbol file LoadedFromMemory is not a mono symbol file
Symbol file data-0000022C7A7E7010 doesn't match image C:\Users\adamk\OneDrive\Documents\GitHub\FreeToPlay\FreeToPlay\Library\ScriptAssemblies\UnityEngine.UI.dll
Symbol file LoadedFromMemory is not a mono symbol file
Symbol file data-0000022C76353010 doesn't match image C:\Users\adamk\OneDrive\Documents\GitHub\FreeToPlay\FreeToPlay\Library\ScriptAssemblies\Unity.Mathematics.dll
Symbol file LoadedFromMemory is not a mono symbol file
Symbol file data-0000022C9B748DD0 doesn't match image C:\Users\adamk\OneDrive\Documents\GitHub\FreeToPlay\FreeToPlay\Library\ScriptAssemblies\Unity.2D.IK.Runtime.dll
Symbol file LoadedFromMemory is not a mono symbol file
Symbol file data-0000022C71C0A540 doesn't match image C:\Users\adamk\OneDrive\Documents\GitHub\FreeToPlay\FreeToPlay\Library\ScriptAssemblies\Cinemachine.dll
Symbol file LoadedFromMemory is not a mono symbol file
Symbol file data-0000022C7AE08A00 doesn't match image C:\Users\adamk\OneDrive\Documents\GitHub\FreeToPlay\FreeToPlay\Library\ScriptAssemblies\com.unity.cinemachine.editor.dll
Symbol file LoadedFromMemory is not a mono symbol file
Symbol file data-0000022C71C0A540 doesn't match image C:\Users\adamk\OneDrive\Documents\GitHub\FreeToPlay\FreeToPlay\Library\ScriptAssemblies\Unity.2D.Animation.Triangle.Runtime.dll
Symbol file LoadedFromMemory is not a mono symbol file
Symbol file data-0000022C76329440 doesn't match image C:\Users\adamk\OneDrive\Documents\GitHub\FreeToPlay\FreeToPlay\Library\ScriptAssemblies\Unity.2D.Animation.Runtime.dll
Symbol file LoadedFromMemory is not a mono symbol file
Symbol file data-0000022C7AFD4B10 doesn't match image C:\Users\adamk\OneDrive\Documents\GitHub\FreeToPlay\FreeToPlay\Library\ScriptAssemblies\Unity.2D.PixelPerfect.Editor.dll
Symbol file LoadedFromMemory is not a mono symbol file
Symbol file data-0000022C9C249020 doesn't match image C:\Users\adamk\OneDrive\Documents\GitHub\FreeToPlay\FreeToPlay\Library\ScriptAssemblies\Unity.Timeline.Editor.dll
Symbol file LoadedFromMemory is not a mono symbol file
Symbol file data-0000022C9B8687E0 doesn't match image C:\Users\adamk\OneDrive\Documents\GitHub\FreeToPlay\FreeToPlay\Library\ScriptAssemblies\Unity.CollabProxy.Editor.dll
Symbol file LoadedFromMemory is not a mono symbol file
Symbol file data-0000022C7186B550 doesn't match image C:\Users\adamk\OneDrive\Documents\GitHub\FreeToPlay\FreeToPlay\Library\ScriptAssemblies\Unity.Mathematics.Editor.dll
Symbol file LoadedFromMemory is not a mono symbol file
Symbol file data-0000022C495BD710 doesn't match image C:\Users\adamk\OneDrive\Documents\GitHub\FreeToPlay\FreeToPlay\Library\ScriptAssemblies\Unity.2D.Common.Runtime.dll
Symbol file LoadedFromMemory is not a mono symbol file
Symbol file data-0000022C7AFB21A0 doesn't match image C:\Users\adamk\OneDrive\Documents\GitHub\FreeToPlay\FreeToPlay\Library\ScriptAssemblies\Unity.2D.SpriteShape.Editor.dll
Symbol file LoadedFromMemory is not a mono symbol file
Symbol file data-0000022C71EF0B00 doesn't match image C:\Users\adamk\OneDrive\Documents\GitHub\FreeToPlay\FreeToPlay\Library\ScriptAssemblies\Unity.2D.Common.Editor.dll
Symbol file LoadedFromMemory is not a mono symbol file
Symbol file data-0000022C7AF25320 doesn't match image C:\Users\adamk\OneDrive\Documents\GitHub\FreeToPlay\FreeToPlay\Library\ScriptAssemblies\Unity.2D.SpriteShape.Runtime.dll
Symbol file LoadedFromMemory is not a mono symbol file
Native extension for WindowsStandalone target not found
Refreshing native plugins compatible for Editor in 0.85 ms, found 3 plugins.
Preloading 0 native plugins for Editor in 0.00 ms.
Mono: successfully reloaded assembly
- Completed reload, in  1.124 seconds
Domain Reload Profiling:
	ReloadAssembly (1125ms)
		BeginReloadAssembly (120ms)
			ExecutionOrderSort (0ms)
			DisableScriptedObjects (6ms)
			BackupInstance (0ms)
			ReleaseScriptingObjects (0ms)
			CreateAndSetChildDomain (36ms)
		EndReloadAssembly (938ms)
			LoadAssemblies (95ms)
			RebuildTransferFunctionScriptingTraits (0ms)
			SetupTypeCache (309ms)
			ReleaseScriptCaches (1ms)
			RebuildScriptCaches (47ms)
			SetupLoadedEditorAssemblies (371ms)
				LogAssemblyErrors (0ms)
				InitializePlatformSupportModulesInManaged (4ms)
				SetLoadedEditorAssemblies (1ms)
				RefreshPlugins (1ms)
				BeforeProcessingInitializeOnLoad (98ms)
				ProcessInitializeOnLoadAttributes (253ms)
				ProcessInitializeOnLoadMethodAttributes (6ms)
				AfterProcessingInitializeOnLoad (7ms)
				EditorAssembliesLoaded (0ms)
			ExecutionOrderSort2 (0ms)
			AwakeInstancesAfterBackupRestoration (11ms)
Platform modules already initialized, skipping
Refreshing native plugins compatible for Editor in 0.56 ms, found 3 plugins.
Preloading 0 native plugins for Editor in 0.00 ms.
Unloading 2538 Unused Serialized files (Serialized files now loaded: 0)
System memory in use before: 113.3 MB.
System memory in use after: 113.5 MB.

Unloading 15 unused Assets to reduce memory usage. Loaded Objects now: 3033.
Total: 3.991600 ms (FindLiveObjects: 0.252800 ms CreateObjectMapping: 0.214400 ms MarkObjects: 3.503900 ms  DeleteObjects: 0.019600 ms)

AssetImportParameters requested are different than current active one (requested -> active):
  custom:framework-win-MediaFoundation: 216162199b28c13a410421893ffa2e32 -> 
  custom:video-decoder-ogg-theora: a1e56fd34408186e4bbccfd4996cb3dc -> 
  custom:container-muxer-webm: aa71ff27fc2769a1b78a27578f13a17b -> 
  custom:container-demuxer-webm: 4f35f7cbe854078d1ac9338744f61a02 -> 
  custom:container-demuxer-ogg: 62fdf1f143b41e24485cea50d1cbac27 -> 
  custom:video-encoder-webm-vp8: eb34c28f22e8b96e1ab97ce403110664 -> 
  custom:video-codec-MediaFoundation-h265: 746d11721c4dcdbdad8f713fa42b33f4 -> 
  custom:video-decoder-webm-vp8: 9c59270c3fd7afecdb556c50c9e8de78 -> 
  custom:audio-decoder-ogg-vorbis: bf7c407c2cedff20999df2af8eb42d56 -> 
  custom:audio-encoder-webm-vorbis: bf7c407c2cedff20999df2af8eb42d56 -> 
AssetImportWorkerClient::OnTransportError - code=2 error=End of file
